<?xml version="1.0" encoding="UTF-8"?>
<testng-results skipped="0" failed="1" ignored="0" total="7" passed="6">
  <reporter-output>
  </reporter-output>
  <suite name="Default suite" duration-ms="299750" started-at="2021-08-19T17:54:17 IST" finished-at="2021-08-19T17:59:17 IST">
    <groups>
    </groups>
    <test name="Default test" duration-ms="299750" started-at="2021-08-19T17:54:17 IST" finished-at="2021-08-19T17:59:17 IST">
      <class name="com.maven.automation.testcase.DynamicListTest">
        <test-method status="PASS" signature="setup()[pri:0, instance:com.maven.automation.testcase.DynamicListTest@1e965684]" name="setup" is-config="true" duration-ms="9144" started-at="2021-08-19T17:54:17 IST" finished-at="2021-08-19T17:54:26 IST">
          <reporter-output>
          </reporter-output>
        </test-method> <!-- setup -->
        <test-method status="PASS" signature="loginTest()[pri:1, instance:com.maven.automation.testcase.DynamicListTest@1e965684]" name="loginTest" duration-ms="24700" started-at="2021-08-19T17:54:26 IST" finished-at="2021-08-19T17:54:51 IST">
          <reporter-output>
          </reporter-output>
        </test-method> <!-- loginTest -->
        <test-method status="PASS" signature="clickNonProductionPopup()[pri:2, instance:com.maven.automation.testcase.DynamicListTest@1e965684]" name="clickNonProductionPopup" duration-ms="12162" started-at="2021-08-19T17:54:51 IST" finished-at="2021-08-19T17:55:03 IST">
          <reporter-output>
          </reporter-output>
        </test-method> <!-- clickNonProductionPopup -->
        <test-method status="PASS" signature="dynamicListCreation()[pri:3, instance:com.maven.automation.testcase.DynamicListTest@1e965684]" name="dynamicListCreation" duration-ms="47866" started-at="2021-08-19T17:55:03 IST" finished-at="2021-08-19T17:55:51 IST">
          <reporter-output>
          </reporter-output>
        </test-method> <!-- dynamicListCreation -->
        <test-method status="PASS" signature="listLoading()[pri:4, instance:com.maven.automation.testcase.DynamicListTest@1e965684]" name="listLoading" duration-ms="38568" started-at="2021-08-19T17:55:51 IST" finished-at="2021-08-19T17:56:29 IST">
          <reporter-output>
          </reporter-output>
        </test-method> <!-- listLoading -->
        <test-method status="PASS" signature="ConnectToPhoneBridge()[pri:5, instance:com.maven.automation.testcase.DynamicListTest@1e965684]" name="ConnectToPhoneBridge" duration-ms="145486" started-at="2021-08-19T17:56:29 IST" finished-at="2021-08-19T17:58:55 IST">
          <reporter-output>
          </reporter-output>
        </test-method> <!-- ConnectToPhoneBridge -->
        <test-method status="FAIL" signature="callDisposition()[pri:6, instance:com.maven.automation.testcase.DynamicListTest@1e965684]" name="callDisposition" duration-ms="12084" started-at="2021-08-19T17:58:55 IST" finished-at="2021-08-19T17:59:07 IST">
          <exception class="org.openqa.selenium.ElementNotInteractableException">
            <message>
              <![CDATA[element not interactable
  (Session info: chrome=92.0.4515.159)
Build info: version: '3.141.59', revision: 'e82be7d358', time: '2018-11-14T08:17:03'
System info: host: 'DESKTOP-O594KU0', ip: '192.168.1.206', os.name: 'Windows 10', os.arch: 'amd64', os.version: '10.0', java.version: '1.8.0_301'
Driver info: org.openqa.selenium.chrome.ChromeDriver
Capabilities {acceptInsecureCerts: false, browserName: chrome, browserVersion: 92.0.4515.159, chrome: {chromedriverVersion: 92.0.4515.107 (87a818b10553..., userDataDir: C:\Users\Coditas\AppData\Lo...}, goog:chromeOptions: {debuggerAddress: localhost:50034}, javascriptEnabled: true, networkConnectionEnabled: false, pageLoadStrategy: normal, platform: WINDOWS, platformName: WINDOWS, proxy: Proxy(), setWindowRect: true, strictFileInteractability: false, timeouts: {implicit: 0, pageLoad: 300000, script: 30000}, unhandledPromptBehavior: dismiss and notify, webauthn:extension:credBlob: true, webauthn:extension:largeBlob: true, webauthn:virtualAuthenticators: true}
Session ID: bfbfe8fe9b90835b72d67cbd7f06b9f4]]>
            </message>
            <full-stacktrace>
              <![CDATA[org.openqa.selenium.ElementNotInteractableException: element not interactable
  (Session info: chrome=92.0.4515.159)
Build info: version: '3.141.59', revision: 'e82be7d358', time: '2018-11-14T08:17:03'
System info: host: 'DESKTOP-O594KU0', ip: '192.168.1.206', os.name: 'Windows 10', os.arch: 'amd64', os.version: '10.0', java.version: '1.8.0_301'
Driver info: org.openqa.selenium.chrome.ChromeDriver
Capabilities {acceptInsecureCerts: false, browserName: chrome, browserVersion: 92.0.4515.159, chrome: {chromedriverVersion: 92.0.4515.107 (87a818b10553..., userDataDir: C:\Users\Coditas\AppData\Lo...}, goog:chromeOptions: {debuggerAddress: localhost:50034}, javascriptEnabled: true, networkConnectionEnabled: false, pageLoadStrategy: normal, platform: WINDOWS, platformName: WINDOWS, proxy: Proxy(), setWindowRect: true, strictFileInteractability: false, timeouts: {implicit: 0, pageLoad: 300000, script: 30000}, unhandledPromptBehavior: dismiss and notify, webauthn:extension:credBlob: true, webauthn:extension:largeBlob: true, webauthn:virtualAuthenticators: true}
Session ID: bfbfe8fe9b90835b72d67cbd7f06b9f4
at sun.reflect.NativeConstructorAccessorImpl.newInstance0(Native Method)
at sun.reflect.NativeConstructorAccessorImpl.newInstance(Unknown Source)
at sun.reflect.DelegatingConstructorAccessorImpl.newInstance(Unknown Source)
at java.lang.reflect.Constructor.newInstance(Unknown Source)
at org.openqa.selenium.remote.http.W3CHttpResponseCodec.createException(W3CHttpResponseCodec.java:187)
at org.openqa.selenium.remote.http.W3CHttpResponseCodec.decode(W3CHttpResponseCodec.java:122)
at org.openqa.selenium.remote.http.W3CHttpResponseCodec.decode(W3CHttpResponseCodec.java:49)
at org.openqa.selenium.remote.HttpCommandExecutor.execute(HttpCommandExecutor.java:158)
at org.openqa.selenium.remote.service.DriverCommandExecutor.execute(DriverCommandExecutor.java:83)
at org.openqa.selenium.remote.RemoteWebDriver.execute(RemoteWebDriver.java:552)
at org.openqa.selenium.remote.RemoteWebElement.execute(RemoteWebElement.java:285)
at org.openqa.selenium.remote.RemoteWebElement.click(RemoteWebElement.java:84)
at sun.reflect.GeneratedMethodAccessor1.invoke(Unknown Source)
at sun.reflect.DelegatingMethodAccessorImpl.invoke(Unknown Source)
at java.lang.reflect.Method.invoke(Unknown Source)
at org.openqa.selenium.support.pagefactory.internal.LocatingElementHandler.invoke(LocatingElementHandler.java:51)
at com.sun.proxy.$Proxy8.click(Unknown Source)
at com.maven.automation.pageobject.DispositionPage.disposeCall(DispositionPage.java:82)
at com.maven.automation.testcase.DynamicListTest.callDisposition(DynamicListTest.java:64)
at sun.reflect.NativeMethodAccessorImpl.invoke0(Native Method)
at sun.reflect.NativeMethodAccessorImpl.invoke(Unknown Source)
at sun.reflect.DelegatingMethodAccessorImpl.invoke(Unknown Source)
at java.lang.reflect.Method.invoke(Unknown Source)
at org.testng.internal.MethodInvocationHelper.invokeMethod(MethodInvocationHelper.java:132)
at org.testng.internal.TestInvoker.invokeMethod(TestInvoker.java:599)
at org.testng.internal.TestInvoker.invokeTestMethod(TestInvoker.java:174)
at org.testng.internal.MethodRunner.runInSequence(MethodRunner.java:46)
at org.testng.internal.TestInvoker$MethodInvocationAgent.invoke(TestInvoker.java:822)
at org.testng.internal.TestInvoker.invokeTestMethods(TestInvoker.java:147)
at org.testng.internal.TestMethodWorker.invokeTestMethods(TestMethodWorker.java:146)
at org.testng.internal.TestMethodWorker.run(TestMethodWorker.java:128)
at java.util.ArrayList.forEach(Unknown Source)
at org.testng.TestRunner.privateRun(TestRunner.java:764)
at org.testng.TestRunner.run(TestRunner.java:585)
at org.testng.SuiteRunner.runTest(SuiteRunner.java:384)
at org.testng.SuiteRunner.runSequentially(SuiteRunner.java:378)
at org.testng.SuiteRunner.privateRun(SuiteRunner.java:337)
at org.testng.SuiteRunner.run(SuiteRunner.java:286)
at org.testng.SuiteRunnerWorker.runSuite(SuiteRunnerWorker.java:53)
at org.testng.SuiteRunnerWorker.run(SuiteRunnerWorker.java:96)
at org.testng.TestNG.runSuitesSequentially(TestNG.java:1218)
at org.testng.TestNG.runSuitesLocally(TestNG.java:1140)
at org.testng.TestNG.runSuites(TestNG.java:1069)
at org.testng.TestNG.run(TestNG.java:1037)
at org.testng.remote.AbstractRemoteTestNG.run(AbstractRemoteTestNG.java:115)
at org.testng.remote.RemoteTestNG.initAndRun(RemoteTestNG.java:251)
at org.testng.remote.RemoteTestNG.main(RemoteTestNG.java:77)
]]>
            </full-stacktrace>
          </exception> <!-- org.openqa.selenium.ElementNotInteractableException -->
          <reporter-output>
          </reporter-output>
        </test-method> <!-- callDisposition -->
        <test-method status="PASS" signature="logoutTest()[pri:7, instance:com.maven.automation.testcase.DynamicListTest@1e965684]" name="logoutTest" duration-ms="9628" started-at="2021-08-19T17:59:07 IST" finished-at="2021-08-19T17:59:17 IST">
          <reporter-output>
          </reporter-output>
        </test-method> <!-- logoutTest -->
      </class> <!-- com.maven.automation.testcase.DynamicListTest -->
    </test> <!-- Default test -->
  </suite> <!-- Default suite -->
</testng-results>
